0 verbose cli [
0 verbose cli   '/home/precious/.nvm/versions/node/v15.0.0/bin/node',
0 verbose cli   '/home/precious/.nvm/versions/node/v15.0.0/bin/npm',
0 verbose cli   'install',
0 verbose cli   'react-paginate',
0 verbose cli   '--save'
0 verbose cli ]
1 info using npm@7.5.6
2 info using node@v15.0.0
3 timing config:load:defaults Completed in 7ms
4 timing config:load:file:/home/precious/.nvm/versions/node/v15.0.0/lib/node_modules/npm/npmrc Completed in 1ms
5 timing config:load:builtin Completed in 2ms
6 timing config:load:cli Completed in 10ms
7 timing config:load:env Completed in 1ms
8 timing config:load:file:/home/precious/stocks/.npmrc Completed in 1ms
9 timing config:load:project Completed in 3ms
10 timing config:load:file:/home/precious/.npmrc Completed in 36ms
11 timing config:load:user Completed in 36ms
12 timing config:load:file:/home/precious/.nvm/versions/node/v15.0.0/etc/npmrc Completed in 1ms
13 timing config:load:global Completed in 1ms
14 timing config:load:cafile Completed in 1ms
15 timing config:load:validate Completed in 1ms
16 timing config:load:setUserAgent Completed in 2ms
17 timing config:load:setEnvs Completed in 2ms
18 timing config:load Completed in 69ms
19 verbose npm-session 1cf81621357bc27e
20 timing npm:load Completed in 101ms
21 http fetch GET 304 https://registry.npmjs.org/npm 990ms (from cache)
22 timing arborist:ctor Completed in 2ms
23 timing idealTree:init Completed in 4485ms
24 timing idealTree:userRequests Completed in 16ms
25 silly idealTree buildDeps
26 silly fetch manifest react-paginate@^6.5.0
27 timing arborist:ctor Completed in 2ms
28 http fetch GET 200 https://registry.npmjs.org/react-paginate 9406ms
29 silly fetch manifest react@^17.0.1
30 http fetch GET 200 https://registry.npmjs.org/react 599ms
31 silly fetch manifest react@^16.0.0
32 timing idealTree Completed in 14585ms
33 timing command:install Completed in 14609ms
34 notice [40m[37m[39m[49m
34 notice [40m[37mNew [33mminor[39m[37m version of npm available! [31m7.5.6[39m[37m -> [32m7.6.2[39m[37m[39m[49m
34 notice [40m[37mChangelog: [36mhttps://github.com/npm/cli/releases/tag/v7.6.2[39m[37m[39m[49m
34 notice [40m[37mRun [32mnpm install -g npm@7.6.2[39m[37m to update![39m[49m
34 notice [40m[37m[39m[49m
35 verbose stack Error: unable to resolve dependency tree
35 verbose stack     at Arborist.[failPeerConflict] (/home/precious/.nvm/versions/node/v15.0.0/lib/node_modules/npm/node_modules/@npmcli/arborist/lib/arborist/build-ideal-tree.js:1141:25)
35 verbose stack     at Arborist.[loadPeerSet] (/home/precious/.nvm/versions/node/v15.0.0/lib/node_modules/npm/node_modules/@npmcli/arborist/lib/arborist/build-ideal-tree.js:1118:34)
35 verbose stack     at async Arborist.[buildDepStep] (/home/precious/.nvm/versions/node/v15.0.0/lib/node_modules/npm/node_modules/@npmcli/arborist/lib/arborist/build-ideal-tree.js:836:11)
35 verbose stack     at async Arborist.buildIdealTree (/home/precious/.nvm/versions/node/v15.0.0/lib/node_modules/npm/node_modules/@npmcli/arborist/lib/arborist/build-ideal-tree.js:209:7)
35 verbose stack     at async Promise.all (index 1)
35 verbose stack     at async Arborist.reify (/home/precious/.nvm/versions/node/v15.0.0/lib/node_modules/npm/node_modules/@npmcli/arborist/lib/arborist/reify.js:130:5)
35 verbose stack     at async install (/home/precious/.nvm/versions/node/v15.0.0/lib/node_modules/npm/lib/install.js:38:3)
36 verbose cwd /home/precious/stocks
37 verbose Linux 5.3.0-62-generic
38 verbose argv "/home/precious/.nvm/versions/node/v15.0.0/bin/node" "/home/precious/.nvm/versions/node/v15.0.0/bin/npm" "install" "react-paginate" "--save"
39 verbose node v15.0.0
40 verbose npm  v7.5.6
41 error code ERESOLVE
42 error ERESOLVE unable to resolve dependency tree
43 error
44 error While resolving: [1mstocks[22m@[1m0.1.0[22m
44 error Found: [1mreact[22m@[1m17.0.1[22m[2m[22m
44 error [2mnode_modules/react[22m
44 error   [1mreact[22m@"[1m^17.0.1[22m" from the root project
44 error
44 error Could not resolve dependency:
44 error [35mpeer[39m [1mreact[22m@"[1m^16.0.0[22m" from [1mreact-paginate[22m@[1m6.5.0[22m[2m[22m
44 error [2mnode_modules/react-paginate[22m
44 error   [1mreact-paginate[22m@"[1m^6.5.0[22m" from the root project
44 error
44 error Fix the upstream dependency conflict, or retry
44 error this command with --force, or --legacy-peer-deps
44 error to accept an incorrect (and potentially broken) dependency resolution.
44 error
44 error See /home/precious/stocks/C:NODEJSnpm-cache/eresolve-report.txt for a full report.
45 verbose exit 1
